<?xml version="1.0" encoding="UTF-8"?>
<!-- Generated by org.testng.reporters.JUnitReportReporter -->
<testsuite skipped="0" hostname="LAP0012" name="betechcom.betech.qa.test.examtest" tests="1" failures="0" timestamp="2020-10-01T13:02:31 PKT" time="12.002" errors="0">
  <testcase name="test1" time="12.002" classname="betechcom.betech.qa.test.examtest"/>
</testsuite> <!-- betechcom.betech.qa.test.examtest -->
